<?xml version="1.0" encoding="UTF-8"?>
<testng-results skipped="0" failed="0" ignored="0" total="2" passed="2">
  <reporter-output>
  </reporter-output>
  <suite name="Default suite" duration-ms="67" started-at="2020-01-07T21:15:07 IST" finished-at="2020-01-07T21:15:07 IST">
    <groups>
    </groups>
    <test name="Default test" duration-ms="67" started-at="2020-01-07T21:15:07 IST" finished-at="2020-01-07T21:15:07 IST">
      <class name="testNG.DataProviderTest">
        <test-method status="PASS" signature="testMethod(java.lang.String)[pri:0, instance:testNG.DataProviderTest@72b6cbcc]" name="testMethod" duration-ms="16" started-at="2020-01-07T21:15:07 IST" data-provider="data-provider" finished-at="2020-01-07T21:15:07 IST">
          <params>
            <param index="0">
              <value>
                <![CDATA[data one]]>
              </value>
            </param>
          </params>
          <reporter-output>
          </reporter-output>
        </test-method> <!-- testMethod -->
        <test-method status="PASS" signature="testMethod(java.lang.String)[pri:0, instance:testNG.DataProviderTest@72b6cbcc]" name="testMethod" duration-ms="0" started-at="2020-01-07T21:15:07 IST" data-provider="data-provider" finished-at="2020-01-07T21:15:07 IST">
          <params>
            <param index="0">
              <value>
                <![CDATA[data two]]>
              </value>
            </param>
          </params>
          <reporter-output>
          </reporter-output>
        </test-method> <!-- testMethod -->
      </class> <!-- testNG.DataProviderTest -->
    </test> <!-- Default test -->
  </suite> <!-- Default suite -->
</testng-results>
